INFO - 2025-09-12 09:48:00 --> Register method called. Request method: GET
INFO - 2025-09-12 09:48:00 --> Request URI: http://localhost/WebSystem-ITE311-CAGADAS/public/index.php/register
INFO - 2025-09-12 09:48:00 --> GET request to register, showing form.
DEBUG - 2025-09-12 09:48:00 --> Session: Class initialized using 'CodeIgniter\Session\Handlers\FileHandler' driver.
DEBUG - 2025-09-12 09:48:03 --> Session: Class initialized using 'CodeIgniter\Session\Handlers\FileHandler' driver.
DEBUG - 2025-09-12 09:48:08 --> Session: Class initialized using 'CodeIgniter\Session\Handlers\FileHandler' driver.
DEBUG - 2025-09-12 09:48:08 --> Session: Class initialized using 'CodeIgniter\Session\Handlers\FileHandler' driver.
DEBUG - 2025-09-12 09:48:16 --> Session: Class initialized using 'CodeIgniter\Session\Handlers\FileHandler' driver.
DEBUG - 2025-09-12 09:48:16 --> Session: Class initialized using 'CodeIgniter\Session\Handlers\FileHandler' driver.
DEBUG - 2025-09-12 09:48:18 --> Session: Class initialized using 'CodeIgniter\Session\Handlers\FileHandler' driver.
DEBUG - 2025-09-12 09:48:18 --> Session: Class initialized using 'CodeIgniter\Session\Handlers\FileHandler' driver.
DEBUG - 2025-09-12 09:48:19 --> Session: Class initialized using 'CodeIgniter\Session\Handlers\FileHandler' driver.
DEBUG - 2025-09-12 09:48:19 --> Session: Class initialized using 'CodeIgniter\Session\Handlers\FileHandler' driver.
DEBUG - 2025-09-12 09:48:19 --> Session: Class initialized using 'CodeIgniter\Session\Handlers\FileHandler' driver.
INFO - 2025-09-12 09:48:20 --> Register method called. Request method: GET
INFO - 2025-09-12 09:48:20 --> Request URI: http://localhost/WebSystem-ITE311-CAGADAS/public/index.php/register
INFO - 2025-09-12 09:48:20 --> GET request to register, showing form.
DEBUG - 2025-09-12 09:48:20 --> Session: Class initialized using 'CodeIgniter\Session\Handlers\FileHandler' driver.
INFO - 2025-09-12 09:59:05 --> Register method called. Request method: GET
INFO - 2025-09-12 09:59:05 --> Request URI: http://localhost/WebSystem-ITE311-CAGADAS/public/index.php/register
INFO - 2025-09-12 09:59:05 --> GET request to register, showing form.
DEBUG - 2025-09-12 09:59:05 --> Session: Class initialized using 'CodeIgniter\Session\Handlers\FileHandler' driver.
DEBUG - 2025-09-12 10:01:31 --> Session: Class initialized using 'CodeIgniter\Session\Handlers\FileHandler' driver.
DEBUG - 2025-09-12 10:01:36 --> Session: Class initialized using 'CodeIgniter\Session\Handlers\FileHandler' driver.
DEBUG - 2025-09-12 10:01:36 --> Session: Class initialized using 'CodeIgniter\Session\Handlers\FileHandler' driver.
DEBUG - 2025-09-12 10:01:40 --> Session: Class initialized using 'CodeIgniter\Session\Handlers\FileHandler' driver.
DEBUG - 2025-09-12 10:01:40 --> Session: Class initialized using 'CodeIgniter\Session\Handlers\FileHandler' driver.
DEBUG - 2025-09-12 10:01:42 --> Session: Class initialized using 'CodeIgniter\Session\Handlers\FileHandler' driver.
DEBUG - 2025-09-12 10:01:42 --> Session: Class initialized using 'CodeIgniter\Session\Handlers\FileHandler' driver.
INFO - 2025-09-12 10:01:59 --> Register method called. Request method: GET
INFO - 2025-09-12 10:01:59 --> Request URI: http://localhost/WebSystem-ITE311-CAGADAS/public/index.php/register
INFO - 2025-09-12 10:01:59 --> GET request to register, showing form.
DEBUG - 2025-09-12 10:01:59 --> Session: Class initialized using 'CodeIgniter\Session\Handlers\FileHandler' driver.
DEBUG - 2025-09-12 10:02:01 --> Session: Class initialized using 'CodeIgniter\Session\Handlers\FileHandler' driver.
DEBUG - 2025-09-12 10:02:01 --> Session: Class initialized using 'CodeIgniter\Session\Handlers\FileHandler' driver.
DEBUG - 2025-09-12 10:02:01 --> Session: Class initialized using 'CodeIgniter\Session\Handlers\FileHandler' driver.
INFO - 2025-09-12 10:05:24 --> Register method called. Request method: GET
INFO - 2025-09-12 10:05:24 --> Request URI: http://localhost/WebSystem-ITE311-CAGADAS/public/index.php/register
INFO - 2025-09-12 10:05:24 --> GET request to register, showing form.
DEBUG - 2025-09-12 10:05:24 --> Session: Class initialized using 'CodeIgniter\Session\Handlers\FileHandler' driver.
INFO - 2025-09-12 10:10:50 --> Register method called. Request method: GET
INFO - 2025-09-12 10:10:50 --> Request URI: http://localhost/WebSystem-ITE311-CAGADAS/public/index.php/register
INFO - 2025-09-12 10:10:50 --> GET request to register, showing form.
DEBUG - 2025-09-12 10:10:50 --> Session: Class initialized using 'CodeIgniter\Session\Handlers\FileHandler' driver.
INFO - 2025-09-12 10:10:55 --> Register method called. Request method: GET
INFO - 2025-09-12 10:10:55 --> Request URI: http://localhost/WebSystem-ITE311-CAGADAS/public/index.php/register
INFO - 2025-09-12 10:10:55 --> GET request to register, showing form.
DEBUG - 2025-09-12 10:10:55 --> Session: Class initialized using 'CodeIgniter\Session\Handlers\FileHandler' driver.
INFO - 2025-09-12 10:10:59 --> Register method called. Request method: GET
INFO - 2025-09-12 10:10:59 --> Request URI: http://localhost/WebSystem-ITE311-CAGADAS/public/index.php/register
INFO - 2025-09-12 10:10:59 --> GET request to register, showing form.
DEBUG - 2025-09-12 10:10:59 --> Session: Class initialized using 'CodeIgniter\Session\Handlers\FileHandler' driver.
INFO - 2025-09-12 10:11:29 --> Register method called. Request method: GET
INFO - 2025-09-12 10:11:29 --> Request URI: http://localhost/WebSystem-ITE311-CAGADAS/public/index.php/register
INFO - 2025-09-12 10:11:29 --> GET request to register, showing form.
DEBUG - 2025-09-12 10:11:29 --> Session: Class initialized using 'CodeIgniter\Session\Handlers\FileHandler' driver.
INFO - 2025-09-12 10:11:30 --> Register method called. Request method: GET
INFO - 2025-09-12 10:11:30 --> Request URI: http://localhost/WebSystem-ITE311-CAGADAS/public/index.php/register
INFO - 2025-09-12 10:11:30 --> GET request to register, showing form.
DEBUG - 2025-09-12 10:11:30 --> Session: Class initialized using 'CodeIgniter\Session\Handlers\FileHandler' driver.
INFO - 2025-09-12 10:11:30 --> Register method called. Request method: GET
INFO - 2025-09-12 10:11:30 --> Request URI: http://localhost/WebSystem-ITE311-CAGADAS/public/index.php/register
INFO - 2025-09-12 10:11:30 --> GET request to register, showing form.
DEBUG - 2025-09-12 10:11:30 --> Session: Class initialized using 'CodeIgniter\Session\Handlers\FileHandler' driver.
INFO - 2025-09-12 10:11:30 --> Register method called. Request method: GET
INFO - 2025-09-12 10:11:30 --> Request URI: http://localhost/WebSystem-ITE311-CAGADAS/public/index.php/register
INFO - 2025-09-12 10:11:30 --> GET request to register, showing form.
DEBUG - 2025-09-12 10:11:30 --> Session: Class initialized using 'CodeIgniter\Session\Handlers\FileHandler' driver.
INFO - 2025-09-12 10:11:40 --> Register method called. Request method: GET
INFO - 2025-09-12 10:11:40 --> Request URI: http://localhost/WebSystem-ITE311-CAGADAS/public/index.php/register
INFO - 2025-09-12 10:11:40 --> GET request to register, showing form.
DEBUG - 2025-09-12 10:11:40 --> Session: Class initialized using 'CodeIgniter\Session\Handlers\FileHandler' driver.
INFO - 2025-09-12 10:11:40 --> Register method called. Request method: GET
INFO - 2025-09-12 10:11:40 --> Request URI: http://localhost/WebSystem-ITE311-CAGADAS/public/index.php/register
INFO - 2025-09-12 10:11:40 --> GET request to register, showing form.
DEBUG - 2025-09-12 10:11:40 --> Session: Class initialized using 'CodeIgniter\Session\Handlers\FileHandler' driver.
INFO - 2025-09-12 10:11:40 --> Register method called. Request method: GET
INFO - 2025-09-12 10:11:40 --> Request URI: http://localhost/WebSystem-ITE311-CAGADAS/public/index.php/register
INFO - 2025-09-12 10:11:40 --> GET request to register, showing form.
DEBUG - 2025-09-12 10:11:40 --> Session: Class initialized using 'CodeIgniter\Session\Handlers\FileHandler' driver.
DEBUG - 2025-09-12 10:11:41 --> Session: Class initialized using 'CodeIgniter\Session\Handlers\FileHandler' driver.
DEBUG - 2025-09-12 10:11:43 --> Session: Class initialized using 'CodeIgniter\Session\Handlers\FileHandler' driver.
INFO - 2025-09-12 14:30:04 --> Register method called. Request method: GET
INFO - 2025-09-12 14:30:04 --> Request URI: http://localhost/WebSystem-ITE311-CAGADAS/public/index.php/register
INFO - 2025-09-12 14:30:04 --> GET request to register, showing form.
DEBUG - 2025-09-12 14:30:05 --> Session: Class initialized using 'CodeIgniter\Session\Handlers\FileHandler' driver.
INFO - 2025-09-12 14:30:07 --> Register method called. Request method: GET
INFO - 2025-09-12 14:30:07 --> Request URI: http://localhost/WebSystem-ITE311-CAGADAS/public/index.php/register
INFO - 2025-09-12 14:30:07 --> GET request to register, showing form.
DEBUG - 2025-09-12 14:30:07 --> Session: Class initialized using 'CodeIgniter\Session\Handlers\FileHandler' driver.
DEBUG - 2025-09-12 14:30:09 --> Session: Class initialized using 'CodeIgniter\Session\Handlers\FileHandler' driver.
INFO - 2025-09-12 14:30:18 --> Register method called. Request method: GET
INFO - 2025-09-12 14:30:18 --> Request URI: http://localhost/WebSystem-ITE311-CAGADAS/public/index.php/register
INFO - 2025-09-12 14:30:18 --> GET request to register, showing form.
DEBUG - 2025-09-12 14:30:18 --> Session: Class initialized using 'CodeIgniter\Session\Handlers\FileHandler' driver.
DEBUG - 2025-09-12 14:30:20 --> Session: Class initialized using 'CodeIgniter\Session\Handlers\FileHandler' driver.
INFO - 2025-09-12 14:30:24 --> Register method called. Request method: GET
INFO - 2025-09-12 14:30:24 --> Request URI: http://localhost/WebSystem-ITE311-CAGADAS/public/index.php/register
INFO - 2025-09-12 14:30:24 --> GET request to register, showing form.
DEBUG - 2025-09-12 14:30:24 --> Session: Class initialized using 'CodeIgniter\Session\Handlers\FileHandler' driver.
INFO - 2025-09-12 14:30:26 --> Register method called. Request method: GET
INFO - 2025-09-12 14:30:26 --> Request URI: http://localhost/WebSystem-ITE311-CAGADAS/public/index.php/register
INFO - 2025-09-12 14:30:26 --> GET request to register, showing form.
DEBUG - 2025-09-12 14:30:26 --> Session: Class initialized using 'CodeIgniter\Session\Handlers\FileHandler' driver.
INFO - 2025-09-12 14:31:42 --> Register method called. Request method: GET
INFO - 2025-09-12 14:31:42 --> Request URI: http://localhost/WebSystem-ITE311-CAGADAS/public/index.php/register
INFO - 2025-09-12 14:31:42 --> GET request to register, showing form.
DEBUG - 2025-09-12 14:31:42 --> Session: Class initialized using 'CodeIgniter\Session\Handlers\FileHandler' driver.
INFO - 2025-09-12 15:57:56 --> Register method called. Request method: GET
INFO - 2025-09-12 15:57:56 --> Request URI: http://localhost/WebSystem-ITE311-CAGADAS/public/index.php/register
INFO - 2025-09-12 15:57:56 --> GET request to register, showing form.
DEBUG - 2025-09-12 15:57:56 --> Session: Class initialized using 'CodeIgniter\Session\Handlers\FileHandler' driver.
INFO - 2025-09-12 15:57:58 --> Register method called. Request method: GET
INFO - 2025-09-12 15:57:58 --> Request URI: http://localhost/WebSystem-ITE311-CAGADAS/public/index.php/register
INFO - 2025-09-12 15:57:58 --> GET request to register, showing form.
DEBUG - 2025-09-12 15:57:58 --> Session: Class initialized using 'CodeIgniter\Session\Handlers\FileHandler' driver.
INFO - 2025-09-12 15:58:12 --> Register method called. Request method: POST
INFO - 2025-09-12 15:58:12 --> Request URI: http://localhost/WebSystem-ITE311-CAGADAS/public/index.php/register
INFO - 2025-09-12 15:58:12 --> POST request detected in register.
INFO - 2025-09-12 15:58:12 --> POST data: {"csrf_test_name":"85157320a166cf0f4452c5ad6b358689","name":"Jacob Cagadas","email":"jccagadas12@gmail.com","role":"admin"}
ERROR - 2025-09-12 15:58:12 --> Validation failed: {"email":"The email field must contain a unique value."}
DEBUG - 2025-09-12 15:58:12 --> Session: Class initialized using 'CodeIgniter\Session\Handlers\FileHandler' driver.
INFO - 2025-09-12 15:58:38 --> Register method called. Request method: POST
INFO - 2025-09-12 15:58:38 --> Request URI: http://localhost/WebSystem-ITE311-CAGADAS/public/index.php/register
INFO - 2025-09-12 15:58:38 --> POST request detected in register.
INFO - 2025-09-12 15:58:38 --> POST data: {"csrf_test_name":"85157320a166cf0f4452c5ad6b358689","name":"jordan mcnigga","email":"jordanmc@gmail.com","role":"admin"}
INFO - 2025-09-12 15:58:38 --> Validation passed.
INFO - 2025-09-12 15:58:38 --> Prepared data for insert: {"name":"jordan mcnigga","email":"jordanmc@gmail.com","password":"$2y$10$vYEedOXMe6PXJhyyyFBvhevRJfXk1Lb1euXAS2YrI6msXJ.oEdFru","role":"admin"}
INFO - 2025-09-12 15:58:38 --> Database connection successful.
INFO - 2025-09-12 15:58:38 --> UserModel createUser returned: 17
INFO - 2025-09-12 15:58:38 --> Registration successful, redirecting to login.
DEBUG - 2025-09-12 15:58:38 --> Session: Class initialized using 'CodeIgniter\Session\Handlers\FileHandler' driver.
DEBUG - 2025-09-12 15:58:38 --> Session: Class initialized using 'CodeIgniter\Session\Handlers\FileHandler' driver.
DEBUG - 2025-09-12 15:58:43 --> Session: Class initialized using 'CodeIgniter\Session\Handlers\FileHandler' driver.
DEBUG - 2025-09-12 15:58:43 --> Session: Class initialized using 'CodeIgniter\Session\Handlers\FileHandler' driver.
DEBUG - 2025-09-12 16:00:34 --> Session: Class initialized using 'CodeIgniter\Session\Handlers\FileHandler' driver.
DEBUG - 2025-09-12 16:00:44 --> Session: Class initialized using 'CodeIgniter\Session\Handlers\FileHandler' driver.
DEBUG - 2025-09-12 16:00:44 --> Session: Class initialized using 'CodeIgniter\Session\Handlers\FileHandler' driver.
DEBUG - 2025-09-12 16:00:58 --> Session: Class initialized using 'CodeIgniter\Session\Handlers\FileHandler' driver.
DEBUG - 2025-09-12 16:00:58 --> Session: Class initialized using 'CodeIgniter\Session\Handlers\FileHandler' driver.
DEBUG - 2025-09-12 16:01:17 --> Session: Class initialized using 'CodeIgniter\Session\Handlers\FileHandler' driver.
DEBUG - 2025-09-12 16:01:20 --> Session: Class initialized using 'CodeIgniter\Session\Handlers\FileHandler' driver.
DEBUG - 2025-09-12 16:01:20 --> Session: Class initialized using 'CodeIgniter\Session\Handlers\FileHandler' driver.
DEBUG - 2025-09-12 16:01:36 --> Session: Class initialized using 'CodeIgniter\Session\Handlers\FileHandler' driver.
DEBUG - 2025-09-12 16:01:36 --> Session: Class initialized using 'CodeIgniter\Session\Handlers\FileHandler' driver.
DEBUG - 2025-09-12 16:01:44 --> Session: Class initialized using 'CodeIgniter\Session\Handlers\FileHandler' driver.
DEBUG - 2025-09-12 16:01:46 --> Session: Class initialized using 'CodeIgniter\Session\Handlers\FileHandler' driver.
DEBUG - 2025-09-12 16:01:46 --> Session: Class initialized using 'CodeIgniter\Session\Handlers\FileHandler' driver.
DEBUG - 2025-09-12 16:01:53 --> Session: Class initialized using 'CodeIgniter\Session\Handlers\FileHandler' driver.
DEBUG - 2025-09-12 16:01:53 --> Session: Class initialized using 'CodeIgniter\Session\Handlers\FileHandler' driver.
DEBUG - 2025-09-12 16:02:00 --> Session: Class initialized using 'CodeIgniter\Session\Handlers\FileHandler' driver.
DEBUG - 2025-09-12 16:02:00 --> Session: Class initialized using 'CodeIgniter\Session\Handlers\FileHandler' driver.
