INFO - 2025-09-23 13:12:35 --> Register method called. Request method: GET
INFO - 2025-09-23 13:12:35 --> Request URI: http://localhost/WebSystem-ITE311-CAGADAS/register
INFO - 2025-09-23 13:12:35 --> GET request to register, showing form.
DEBUG - 2025-09-23 13:12:35 --> Session: Class initialized using 'CodeIgniter\Session\Handlers\FileHandler' driver.
INFO - 2025-09-23 13:12:47 --> Register method called. Request method: POST
INFO - 2025-09-23 13:12:47 --> Request URI: http://localhost/WebSystem-ITE311-CAGADAS/register
INFO - 2025-09-23 13:12:47 --> POST request detected in register.
INFO - 2025-09-23 13:12:47 --> POST data: {"csrf_test_name":"a7f83ac88a266bccad362d4cf52b9b30","name":"zyf","email":"zyf@gmail.com","role":"admin"}
INFO - 2025-09-23 13:12:47 --> Validation passed.
INFO - 2025-09-23 13:12:47 --> Prepared data for insert: {"name":"zyf","email":"zyf@gmail.com","password":"$2y$10$zEkkgKcgfT.IBRUetRBreuUePgwuDpP3KtPkC8SPHz10FfTh3Qnye","role":"admin"}
INFO - 2025-09-23 13:12:47 --> Database connection successful.
INFO - 2025-09-23 13:12:47 --> UserModel createUser returned: 26
INFO - 2025-09-23 13:12:47 --> Registration successful, redirecting to login.
DEBUG - 2025-09-23 13:12:47 --> Session: Class initialized using 'CodeIgniter\Session\Handlers\FileHandler' driver.
DEBUG - 2025-09-23 13:12:48 --> Session: Class initialized using 'CodeIgniter\Session\Handlers\FileHandler' driver.
DEBUG - 2025-09-23 13:12:54 --> Session: Class initialized using 'CodeIgniter\Session\Handlers\FileHandler' driver.
DEBUG - 2025-09-23 13:12:54 --> Session: Class initialized using 'CodeIgniter\Session\Handlers\FileHandler' driver.
DEBUG - 2025-09-23 13:12:56 --> Session: Class initialized using 'CodeIgniter\Session\Handlers\FileHandler' driver.
DEBUG - 2025-09-23 13:12:56 --> Session: Class initialized using 'CodeIgniter\Session\Handlers\FileHandler' driver.
DEBUG - 2025-09-23 13:14:18 --> Session: Class initialized using 'CodeIgniter\Session\Handlers\FileHandler' driver.
DEBUG - 2025-09-23 13:14:18 --> Session: Class initialized using 'CodeIgniter\Session\Handlers\FileHandler' driver.
CRITICAL - 2025-09-23 13:14:18 --> CodeIgniter\View\Exceptions\ViewException: Invalid file: "auth/dashboard.php"
[Method: GET, Route: dashboard]
in SYSTEMPATH\Exceptions\FrameworkException.php on line 39.
 1 SYSTEMPATH\View\View.php(214): CodeIgniter\Exceptions\FrameworkException::forInvalidFile('auth/dashboard.php')
 2 SYSTEMPATH\Common.php(1167): CodeIgniter\View\View->render('auth/dashboard', [], true)
 3 APPPATH\Controllers\Auth.php(168): view('auth/dashboard')
 4 SYSTEMPATH\CodeIgniter.php(933): App\Controllers\Auth->dashboard()
 5 SYSTEMPATH\CodeIgniter.php(507): CodeIgniter\CodeIgniter->runController(Object(App\Controllers\Auth))
 6 SYSTEMPATH\CodeIgniter.php(354): CodeIgniter\CodeIgniter->handleRequest(null, Object(Config\Cache), false)
 7 SYSTEMPATH\Boot.php(363): CodeIgniter\CodeIgniter->run()
 8 SYSTEMPATH\Boot.php(68): CodeIgniter\Boot::runCodeIgniter(Object(CodeIgniter\CodeIgniter))
 9 FCPATH\index.php(59): CodeIgniter\Boot::bootWeb(Object(Config\Paths))
DEBUG - 2025-09-23 13:14:21 --> Session: Class initialized using 'CodeIgniter\Session\Handlers\FileHandler' driver.
DEBUG - 2025-09-23 13:14:21 --> Session: Class initialized using 'CodeIgniter\Session\Handlers\FileHandler' driver.
CRITICAL - 2025-09-23 13:14:21 --> CodeIgniter\View\Exceptions\ViewException: Invalid file: "auth/dashboard.php"
[Method: GET, Route: dashboard]
in SYSTEMPATH\Exceptions\FrameworkException.php on line 39.
 1 SYSTEMPATH\View\View.php(214): CodeIgniter\Exceptions\FrameworkException::forInvalidFile('auth/dashboard.php')
 2 SYSTEMPATH\Common.php(1167): CodeIgniter\View\View->render('auth/dashboard', [], true)
 3 APPPATH\Controllers\Auth.php(168): view('auth/dashboard')
 4 SYSTEMPATH\CodeIgniter.php(933): App\Controllers\Auth->dashboard()
 5 SYSTEMPATH\CodeIgniter.php(507): CodeIgniter\CodeIgniter->runController(Object(App\Controllers\Auth))
 6 SYSTEMPATH\CodeIgniter.php(354): CodeIgniter\CodeIgniter->handleRequest(null, Object(Config\Cache), false)
 7 SYSTEMPATH\Boot.php(363): CodeIgniter\CodeIgniter->run()
 8 SYSTEMPATH\Boot.php(68): CodeIgniter\Boot::runCodeIgniter(Object(CodeIgniter\CodeIgniter))
 9 FCPATH\index.php(59): CodeIgniter\Boot::bootWeb(Object(Config\Paths))
DEBUG - 2025-09-23 13:16:02 --> Session: Class initialized using 'CodeIgniter\Session\Handlers\FileHandler' driver.
DEBUG - 2025-09-23 13:16:04 --> Session: Class initialized using 'CodeIgniter\Session\Handlers\FileHandler' driver.
DEBUG - 2025-09-23 13:16:04 --> Session: Class initialized using 'CodeIgniter\Session\Handlers\FileHandler' driver.
DEBUG - 2025-09-23 13:16:09 --> Session: Class initialized using 'CodeIgniter\Session\Handlers\FileHandler' driver.
DEBUG - 2025-09-23 13:16:09 --> Session: Class initialized using 'CodeIgniter\Session\Handlers\FileHandler' driver.
DEBUG - 2025-09-23 13:16:11 --> Session: Class initialized using 'CodeIgniter\Session\Handlers\FileHandler' driver.
DEBUG - 2025-09-23 13:16:11 --> Session: Class initialized using 'CodeIgniter\Session\Handlers\FileHandler' driver.
DEBUG - 2025-09-23 13:18:18 --> Session: Class initialized using 'CodeIgniter\Session\Handlers\FileHandler' driver.
DEBUG - 2025-09-23 13:18:18 --> Session: Class initialized using 'CodeIgniter\Session\Handlers\FileHandler' driver.
DEBUG - 2025-09-23 13:18:29 --> Session: Class initialized using 'CodeIgniter\Session\Handlers\FileHandler' driver.
DEBUG - 2025-09-23 13:18:29 --> Session: Class initialized using 'CodeIgniter\Session\Handlers\FileHandler' driver.
DEBUG - 2025-09-23 13:18:31 --> Session: Class initialized using 'CodeIgniter\Session\Handlers\FileHandler' driver.
DEBUG - 2025-09-23 13:18:31 --> Session: Class initialized using 'CodeIgniter\Session\Handlers\FileHandler' driver.
INFO - 2025-09-23 13:20:11 --> Register method called. Request method: GET
INFO - 2025-09-23 13:20:11 --> Request URI: http://localhost/WebSystem-ITE311-CAGADAS/register
INFO - 2025-09-23 13:20:11 --> GET request to register, showing form.
DEBUG - 2025-09-23 13:20:11 --> Session: Class initialized using 'CodeIgniter\Session\Handlers\FileHandler' driver.
DEBUG - 2025-09-23 13:20:14 --> Session: Class initialized using 'CodeIgniter\Session\Handlers\FileHandler' driver.
DEBUG - 2025-09-23 13:20:20 --> Session: Class initialized using 'CodeIgniter\Session\Handlers\FileHandler' driver.
DEBUG - 2025-09-23 13:20:21 --> Session: Class initialized using 'CodeIgniter\Session\Handlers\FileHandler' driver.
DEBUG - 2025-09-23 13:20:27 --> Session: Class initialized using 'CodeIgniter\Session\Handlers\FileHandler' driver.
DEBUG - 2025-09-23 13:20:27 --> Session: Class initialized using 'CodeIgniter\Session\Handlers\FileHandler' driver.
DEBUG - 2025-09-23 13:20:40 --> Session: Class initialized using 'CodeIgniter\Session\Handlers\FileHandler' driver.
DEBUG - 2025-09-23 13:20:40 --> Session: Class initialized using 'CodeIgniter\Session\Handlers\FileHandler' driver.
DEBUG - 2025-09-23 13:30:42 --> Session: Class initialized using 'CodeIgniter\Session\Handlers\FileHandler' driver.
DEBUG - 2025-09-23 13:30:47 --> Session: Class initialized using 'CodeIgniter\Session\Handlers\FileHandler' driver.
DEBUG - 2025-09-23 13:30:47 --> Session: Class initialized using 'CodeIgniter\Session\Handlers\FileHandler' driver.
DEBUG - 2025-09-23 13:32:46 --> Session: Class initialized using 'CodeIgniter\Session\Handlers\FileHandler' driver.
DEBUG - 2025-09-23 13:32:47 --> Session: Class initialized using 'CodeIgniter\Session\Handlers\FileHandler' driver.
DEBUG - 2025-09-23 13:32:48 --> Session: Class initialized using 'CodeIgniter\Session\Handlers\FileHandler' driver.
DEBUG - 2025-09-23 13:32:49 --> Session: Class initialized using 'CodeIgniter\Session\Handlers\FileHandler' driver.
DEBUG - 2025-09-23 13:32:49 --> Session: Class initialized using 'CodeIgniter\Session\Handlers\FileHandler' driver.
DEBUG - 2025-09-23 13:32:54 --> Session: Class initialized using 'CodeIgniter\Session\Handlers\FileHandler' driver.
DEBUG - 2025-09-23 13:32:54 --> Session: Class initialized using 'CodeIgniter\Session\Handlers\FileHandler' driver.
DEBUG - 2025-09-23 13:32:56 --> Session: Class initialized using 'CodeIgniter\Session\Handlers\FileHandler' driver.
DEBUG - 2025-09-23 13:32:56 --> Session: Class initialized using 'CodeIgniter\Session\Handlers\FileHandler' driver.
DEBUG - 2025-09-23 13:32:56 --> Session: Class initialized using 'CodeIgniter\Session\Handlers\FileHandler' driver.
INFO - 2025-09-23 13:36:20 --> Register method called. Request method: GET
INFO - 2025-09-23 13:36:20 --> Request URI: http://localhost/WebSystem-ITE311-CAGADAS/register
INFO - 2025-09-23 13:36:20 --> GET request to register, showing form.
DEBUG - 2025-09-23 13:36:20 --> Session: Class initialized using 'CodeIgniter\Session\Handlers\FileHandler' driver.
INFO - 2025-09-23 13:36:32 --> Register method called. Request method: POST
INFO - 2025-09-23 13:36:32 --> Request URI: http://localhost/WebSystem-ITE311-CAGADAS/register
INFO - 2025-09-23 13:36:32 --> POST request detected in register.
INFO - 2025-09-23 13:36:32 --> POST data: {"csrf_test_name":"a7f83ac88a266bccad362d4cf52b9b30","name":"hello","email":"hello@gmail.com","role":"admin"}
INFO - 2025-09-23 13:36:32 --> Validation passed.
INFO - 2025-09-23 13:36:32 --> Prepared data for insert: {"name":"hello","email":"hello@gmail.com","password":"$2y$10$tGTUuGm7OKpEal.Pw5HDUeUAa8Rp4DFHuGdfCjKzdTTLYxQdjP9aG","role":"admin"}
INFO - 2025-09-23 13:36:32 --> Database connection successful.
INFO - 2025-09-23 13:36:32 --> UserModel createUser returned: 27
INFO - 2025-09-23 13:36:32 --> Registration successful, redirecting to login.
DEBUG - 2025-09-23 13:36:32 --> Session: Class initialized using 'CodeIgniter\Session\Handlers\FileHandler' driver.
DEBUG - 2025-09-23 13:36:32 --> Session: Class initialized using 'CodeIgniter\Session\Handlers\FileHandler' driver.
DEBUG - 2025-09-23 13:36:41 --> Session: Class initialized using 'CodeIgniter\Session\Handlers\FileHandler' driver.
DEBUG - 2025-09-23 13:36:41 --> Session: Class initialized using 'CodeIgniter\Session\Handlers\FileHandler' driver.
DEBUG - 2025-09-23 13:36:45 --> Session: Class initialized using 'CodeIgniter\Session\Handlers\FileHandler' driver.
DEBUG - 2025-09-23 13:36:45 --> Session: Class initialized using 'CodeIgniter\Session\Handlers\FileHandler' driver.
DEBUG - 2025-09-23 13:41:22 --> Session: Class initialized using 'CodeIgniter\Session\Handlers\FileHandler' driver.
DEBUG - 2025-09-23 13:41:29 --> Session: Class initialized using 'CodeIgniter\Session\Handlers\FileHandler' driver.
DEBUG - 2025-09-23 13:41:29 --> Session: Class initialized using 'CodeIgniter\Session\Handlers\FileHandler' driver.
DEBUG - 2025-09-23 13:43:19 --> Session: Class initialized using 'CodeIgniter\Session\Handlers\FileHandler' driver.
DEBUG - 2025-09-23 13:43:19 --> Session: Class initialized using 'CodeIgniter\Session\Handlers\FileHandler' driver.
INFO - 2025-09-23 13:43:46 --> Register method called. Request method: GET
INFO - 2025-09-23 13:43:46 --> Request URI: http://localhost/WebSystem-ITE311-CAGADAS/register
INFO - 2025-09-23 13:43:46 --> GET request to register, showing form.
DEBUG - 2025-09-23 13:43:46 --> Session: Class initialized using 'CodeIgniter\Session\Handlers\FileHandler' driver.
INFO - 2025-09-23 13:44:04 --> Register method called. Request method: POST
INFO - 2025-09-23 13:44:04 --> Request URI: http://localhost/WebSystem-ITE311-CAGADAS/register
INFO - 2025-09-23 13:44:04 --> POST request detected in register.
INFO - 2025-09-23 13:44:04 --> POST data: {"csrf_test_name":"a7f83ac88a266bccad362d4cf52b9b30","name":"hi","email":"hi@gmail.com","role":"admin"}
ERROR - 2025-09-23 13:44:04 --> Validation failed: {"name":"The name field must be at least 3 characters in length."}
DEBUG - 2025-09-23 13:44:04 --> Session: Class initialized using 'CodeIgniter\Session\Handlers\FileHandler' driver.
INFO - 2025-09-23 13:44:14 --> Register method called. Request method: POST
INFO - 2025-09-23 13:44:14 --> Request URI: http://localhost/WebSystem-ITE311-CAGADAS/register
INFO - 2025-09-23 13:44:14 --> POST request detected in register.
INFO - 2025-09-23 13:44:14 --> POST data: {"csrf_test_name":"a7f83ac88a266bccad362d4cf52b9b30","name":"his","email":"hi@gmail.com","role":"admin"}
INFO - 2025-09-23 13:44:14 --> Validation passed.
INFO - 2025-09-23 13:44:14 --> Prepared data for insert: {"name":"his","email":"hi@gmail.com","password":"$2y$10$qH3d\/I2OiY7lgW5gipEHTegzOdYPLEOzc55bqadNUwU3u3CN\/h3Y6","role":"admin"}
INFO - 2025-09-23 13:44:14 --> Database connection successful.
INFO - 2025-09-23 13:44:14 --> UserModel createUser returned: 28
INFO - 2025-09-23 13:44:14 --> Registration successful, redirecting to login.
DEBUG - 2025-09-23 13:44:14 --> Session: Class initialized using 'CodeIgniter\Session\Handlers\FileHandler' driver.
DEBUG - 2025-09-23 13:44:14 --> Session: Class initialized using 'CodeIgniter\Session\Handlers\FileHandler' driver.
DEBUG - 2025-09-23 13:44:25 --> Session: Class initialized using 'CodeIgniter\Session\Handlers\FileHandler' driver.
DEBUG - 2025-09-23 13:44:25 --> Session: Class initialized using 'CodeIgniter\Session\Handlers\FileHandler' driver.
DEBUG - 2025-09-23 13:54:03 --> Session: Class initialized using 'CodeIgniter\Session\Handlers\FileHandler' driver.
DEBUG - 2025-09-23 13:54:03 --> Session: Class initialized using 'CodeIgniter\Session\Handlers\FileHandler' driver.
INFO - 2025-09-23 13:54:04 --> Register method called. Request method: GET
INFO - 2025-09-23 13:54:04 --> Request URI: http://localhost/WebSystem-ITE311-CAGADAS/register
INFO - 2025-09-23 13:54:04 --> GET request to register, showing form.
DEBUG - 2025-09-23 13:54:04 --> Session: Class initialized using 'CodeIgniter\Session\Handlers\FileHandler' driver.
INFO - 2025-09-23 13:54:15 --> Register method called. Request method: POST
INFO - 2025-09-23 13:54:15 --> Request URI: http://localhost/WebSystem-ITE311-CAGADAS/register
INFO - 2025-09-23 13:54:15 --> POST request detected in register.
INFO - 2025-09-23 13:54:15 --> POST data: {"csrf_test_name":"a7f83ac88a266bccad362d4cf52b9b30","name":"bello","email":"bello@gmail.com","role":"admin"}
INFO - 2025-09-23 13:54:15 --> Validation passed.
INFO - 2025-09-23 13:54:15 --> Prepared data for insert: {"name":"bello","email":"bello@gmail.com","password":"$2y$10$t/MkiC7swRe1XP1zOviPzeArPonR0mdLv.ZnWD0teLUo4OcBBbd6C","role":"admin"}
INFO - 2025-09-23 13:54:15 --> Database connection successful.
INFO - 2025-09-23 13:54:15 --> UserModel createUser returned: 29
INFO - 2025-09-23 13:54:15 --> Registration successful, redirecting to login.
DEBUG - 2025-09-23 13:54:15 --> Session: Class initialized using 'CodeIgniter\Session\Handlers\FileHandler' driver.
DEBUG - 2025-09-23 13:54:15 --> Session: Class initialized using 'CodeIgniter\Session\Handlers\FileHandler' driver.
DEBUG - 2025-09-23 13:54:20 --> Session: Class initialized using 'CodeIgniter\Session\Handlers\FileHandler' driver.
DEBUG - 2025-09-23 13:54:20 --> Session: Class initialized using 'CodeIgniter\Session\Handlers\FileHandler' driver.
