INFO - 2025-09-10 08:20:04 --> Register method called. Request method: GET
INFO - 2025-09-10 08:20:04 --> Request URI: http://localhost/WebSystem-ITE311-CAGADAS/public/index.php/register
INFO - 2025-09-10 08:20:04 --> GET request to register, showing form.
DEBUG - 2025-09-10 08:20:04 --> Session: Class initialized using 'CodeIgniter\Session\Handlers\FileHandler' driver.
INFO - 2025-09-10 08:20:12 --> Register method called. Request method: POST
INFO - 2025-09-10 08:20:12 --> Request URI: http://localhost/WebSystem-ITE311-CAGADAS/public/index.php/register
INFO - 2025-09-10 08:20:12 --> GET request to register, showing form.
DEBUG - 2025-09-10 08:20:12 --> Session: Class initialized using 'CodeIgniter\Session\Handlers\FileHandler' driver.
INFO - 2025-09-10 08:28:52 --> Register method called. Request method: GET
INFO - 2025-09-10 08:28:52 --> Request URI: http://localhost/WebSystem-ITE311-CAGADAS/public/index.php/register
INFO - 2025-09-10 08:28:52 --> GET request to register, showing form.
DEBUG - 2025-09-10 08:28:52 --> Session: Class initialized using 'CodeIgniter\Session\Handlers\FileHandler' driver.
INFO - 2025-09-10 08:29:02 --> Register method called. Request method: POST
INFO - 2025-09-10 08:29:02 --> Request URI: http://localhost/WebSystem-ITE311-CAGADAS/public/index.php/register
INFO - 2025-09-10 08:29:02 --> GET request to register, showing form.
DEBUG - 2025-09-10 08:29:02 --> Session: Class initialized using 'CodeIgniter\Session\Handlers\FileHandler' driver.
DEBUG - 2025-09-10 08:29:03 --> Session: Class initialized using 'CodeIgniter\Session\Handlers\FileHandler' driver.
DEBUG - 2025-09-10 08:29:16 --> Session: Class initialized using 'CodeIgniter\Session\Handlers\FileHandler' driver.
INFO - 2025-09-10 08:30:35 --> Register method called. Request method: GET
INFO - 2025-09-10 08:30:35 --> Request URI: http://localhost/WebSystem-ITE311-CAGADAS/public/index.php/register
INFO - 2025-09-10 08:30:35 --> GET request to register, showing form.
DEBUG - 2025-09-10 08:30:35 --> Session: Class initialized using 'CodeIgniter\Session\Handlers\FileHandler' driver.
INFO - 2025-09-10 08:30:41 --> Register method called. Request method: POST
INFO - 2025-09-10 08:30:41 --> Request URI: http://localhost/WebSystem-ITE311-CAGADAS/public/index.php/register
INFO - 2025-09-10 08:30:41 --> POST request detected in register.
INFO - 2025-09-10 08:30:41 --> POST data: {"csrf_test_name":"66bc2f3085001a7a36e61448bbd81f7d","name":"kelsy","email":"travis@gmail.com","role":"admin"}
INFO - 2025-09-10 08:30:42 --> Validation passed.
INFO - 2025-09-10 08:30:42 --> Prepared data for insert: {"name":"kelsy","email":"travis@gmail.com","password":"$2y$10$hZrzn300\/9dYSrjbdHYFE.1siJ1dkb.LX4s0lpAgFuXsxvvH3HMJe","role":"admin"}
INFO - 2025-09-10 08:30:42 --> Database connection successful.
INFO - 2025-09-10 08:30:42 --> UserModel createUser returned: 11
INFO - 2025-09-10 08:30:42 --> Registration successful, redirecting to login.
DEBUG - 2025-09-10 08:30:42 --> Session: Class initialized using 'CodeIgniter\Session\Handlers\FileHandler' driver.
DEBUG - 2025-09-10 08:30:42 --> Session: Class initialized using 'CodeIgniter\Session\Handlers\FileHandler' driver.
DEBUG - 2025-09-10 08:30:47 --> Session: Class initialized using 'CodeIgniter\Session\Handlers\FileHandler' driver.
DEBUG - 2025-09-10 08:30:47 --> Session: Class initialized using 'CodeIgniter\Session\Handlers\FileHandler' driver.
DEBUG - 2025-09-10 08:33:10 --> Session: Class initialized using 'CodeIgniter\Session\Handlers\FileHandler' driver.
DEBUG - 2025-09-10 08:33:12 --> Session: Class initialized using 'CodeIgniter\Session\Handlers\FileHandler' driver.
DEBUG - 2025-09-10 08:33:13 --> Session: Class initialized using 'CodeIgniter\Session\Handlers\FileHandler' driver.
INFO - 2025-09-10 08:36:22 --> Register method called. Request method: GET
INFO - 2025-09-10 08:36:22 --> Request URI: http://localhost/WebSystem-ITE311-CAGADAS/public/index.php/register
INFO - 2025-09-10 08:36:22 --> GET request to register, showing form.
DEBUG - 2025-09-10 08:36:22 --> Session: Class initialized using 'CodeIgniter\Session\Handlers\FileHandler' driver.
INFO - 2025-09-10 08:36:35 --> Register method called. Request method: POST
INFO - 2025-09-10 08:36:35 --> Request URI: http://localhost/WebSystem-ITE311-CAGADAS/public/index.php/register
INFO - 2025-09-10 08:36:35 --> POST request detected in register.
INFO - 2025-09-10 08:36:35 --> POST data: {"csrf_test_name":"66bc2f3085001a7a36e61448bbd81f7d","name":"jacob caga","email":"jccagadas12@gmail.com","role":"admin"}
INFO - 2025-09-10 08:36:35 --> Validation passed.
INFO - 2025-09-10 08:36:36 --> Prepared data for insert: {"name":"jacob caga","email":"jccagadas12@gmail.com","password":"$2y$10$9YZSk3bx1iU.WZl4E2\/r7udNwdEuH2nX8EoWFwiwwr9tLOBS0sMum","role":"admin"}
INFO - 2025-09-10 08:36:36 --> Database connection successful.
INFO - 2025-09-10 08:36:36 --> UserModel createUser returned: 12
INFO - 2025-09-10 08:36:36 --> Registration successful, redirecting to login.
DEBUG - 2025-09-10 08:36:36 --> Session: Class initialized using 'CodeIgniter\Session\Handlers\FileHandler' driver.
DEBUG - 2025-09-10 08:36:36 --> Session: Class initialized using 'CodeIgniter\Session\Handlers\FileHandler' driver.
DEBUG - 2025-09-10 08:36:42 --> Session: Class initialized using 'CodeIgniter\Session\Handlers\FileHandler' driver.
DEBUG - 2025-09-10 08:36:42 --> Session: Class initialized using 'CodeIgniter\Session\Handlers\FileHandler' driver.
INFO - 2025-09-10 08:39:32 --> Register method called. Request method: POST
INFO - 2025-09-10 08:39:32 --> Request URI: http://localhost/WebSystem-ITE311-CAGADAS/public/index.php/register
INFO - 2025-09-10 08:39:32 --> POST request detected in register.
INFO - 2025-09-10 08:39:32 --> POST data: {"csrf_test_name":"93f2155f7af1f85eeaca671c62aa1401","name":"jacob cagadas","email":"efhiedrei@gmail.com","role":"admin"}
INFO - 2025-09-10 08:39:32 --> Validation passed.
INFO - 2025-09-10 08:39:32 --> Prepared data for insert: {"name":"jacob cagadas","email":"efhiedrei@gmail.com","password":"$2y$10$mx0niDWXCTfvlkxNhwFEm.MAF1rVzA2oTdlWP\/yd\/rOY2PqdvIrra","role":"admin"}
INFO - 2025-09-10 08:39:32 --> Database connection successful.
INFO - 2025-09-10 08:39:32 --> UserModel createUser returned: 13
INFO - 2025-09-10 08:39:32 --> Registration successful, redirecting to login.
DEBUG - 2025-09-10 08:39:32 --> Session: Class initialized using 'CodeIgniter\Session\Handlers\FileHandler' driver.
DEBUG - 2025-09-10 08:39:32 --> Session: Class initialized using 'CodeIgniter\Session\Handlers\FileHandler' driver.
DEBUG - 2025-09-10 08:39:36 --> Session: Class initialized using 'CodeIgniter\Session\Handlers\FileHandler' driver.
DEBUG - 2025-09-10 08:39:36 --> Session: Class initialized using 'CodeIgniter\Session\Handlers\FileHandler' driver.
INFO - 2025-09-10 08:41:53 --> Register method called. Request method: GET
INFO - 2025-09-10 08:41:53 --> Request URI: http://localhost/WebSystem-ITE311-CAGADAS/public/index.php/register
INFO - 2025-09-10 08:41:53 --> GET request to register, showing form.
DEBUG - 2025-09-10 08:41:53 --> Session: Class initialized using 'CodeIgniter\Session\Handlers\FileHandler' driver.
DEBUG - 2025-09-10 08:41:55 --> Session: Class initialized using 'CodeIgniter\Session\Handlers\FileHandler' driver.
DEBUG - 2025-09-10 08:41:59 --> Session: Class initialized using 'CodeIgniter\Session\Handlers\FileHandler' driver.
DEBUG - 2025-09-10 08:41:59 --> Session: Class initialized using 'CodeIgniter\Session\Handlers\FileHandler' driver.
DEBUG - 2025-09-10 08:44:04 --> Session: Class initialized using 'CodeIgniter\Session\Handlers\FileHandler' driver.
DEBUG - 2025-09-10 08:45:15 --> Session: Class initialized using 'CodeIgniter\Session\Handlers\FileHandler' driver.
DEBUG - 2025-09-10 08:45:18 --> Session: Class initialized using 'CodeIgniter\Session\Handlers\FileHandler' driver.
DEBUG - 2025-09-10 08:45:18 --> Session: Class initialized using 'CodeIgniter\Session\Handlers\FileHandler' driver.
DEBUG - 2025-09-10 08:45:19 --> Session: Class initialized using 'CodeIgniter\Session\Handlers\FileHandler' driver.
DEBUG - 2025-09-10 08:45:19 --> Session: Class initialized using 'CodeIgniter\Session\Handlers\FileHandler' driver.
DEBUG - 2025-09-10 08:45:21 --> Session: Class initialized using 'CodeIgniter\Session\Handlers\FileHandler' driver.
DEBUG - 2025-09-10 08:45:21 --> Session: Class initialized using 'CodeIgniter\Session\Handlers\FileHandler' driver.
DEBUG - 2025-09-10 08:45:22 --> Session: Class initialized using 'CodeIgniter\Session\Handlers\FileHandler' driver.
DEBUG - 2025-09-10 08:45:28 --> Session: Class initialized using 'CodeIgniter\Session\Handlers\FileHandler' driver.
DEBUG - 2025-09-10 08:45:28 --> Session: Class initialized using 'CodeIgniter\Session\Handlers\FileHandler' driver.
DEBUG - 2025-09-10 08:45:32 --> Session: Class initialized using 'CodeIgniter\Session\Handlers\FileHandler' driver.
DEBUG - 2025-09-10 08:45:32 --> Session: Class initialized using 'CodeIgniter\Session\Handlers\FileHandler' driver.
DEBUG - 2025-09-10 08:45:33 --> Session: Class initialized using 'CodeIgniter\Session\Handlers\FileHandler' driver.
DEBUG - 2025-09-10 08:45:33 --> Session: Class initialized using 'CodeIgniter\Session\Handlers\FileHandler' driver.
INFO - 2025-09-10 08:47:08 --> Register method called. Request method: GET
INFO - 2025-09-10 08:47:08 --> Request URI: http://localhost/WebSystem-ITE311-CAGADAS/public/index.php/register
INFO - 2025-09-10 08:47:08 --> GET request to register, showing form.
DEBUG - 2025-09-10 08:47:08 --> Session: Class initialized using 'CodeIgniter\Session\Handlers\FileHandler' driver.
INFO - 2025-09-10 08:47:08 --> Register method called. Request method: GET
INFO - 2025-09-10 08:47:08 --> Request URI: http://localhost/WebSystem-ITE311-CAGADAS/public/index.php/register
INFO - 2025-09-10 08:47:08 --> GET request to register, showing form.
DEBUG - 2025-09-10 08:47:08 --> Session: Class initialized using 'CodeIgniter\Session\Handlers\FileHandler' driver.
INFO - 2025-09-10 08:47:32 --> Register method called. Request method: POST
INFO - 2025-09-10 08:47:32 --> Request URI: http://localhost/WebSystem-ITE311-CAGADAS/public/index.php/register
INFO - 2025-09-10 08:47:32 --> POST request detected in register.
INFO - 2025-09-10 08:47:32 --> POST data: {"csrf_test_name":"66bc2f3085001a7a36e61448bbd81f7d","name":"ADMINISTRATOR","email":"teacher@gmail.com","role":"admin"}
INFO - 2025-09-10 08:47:32 --> Validation passed.
INFO - 2025-09-10 08:47:32 --> Prepared data for insert: {"name":"ADMINISTRATOR","email":"teacher@gmail.com","password":"$2y$10$TkzfoKZnXbGLp182ODlQIuvsquxKn6odcADxnui5NbBrHCo5uIdpm","role":"admin"}
INFO - 2025-09-10 08:47:32 --> Database connection successful.
INFO - 2025-09-10 08:47:32 --> UserModel createUser returned: 14
INFO - 2025-09-10 08:47:32 --> Registration successful, redirecting to login.
DEBUG - 2025-09-10 08:47:32 --> Session: Class initialized using 'CodeIgniter\Session\Handlers\FileHandler' driver.
DEBUG - 2025-09-10 08:47:32 --> Session: Class initialized using 'CodeIgniter\Session\Handlers\FileHandler' driver.
DEBUG - 2025-09-10 08:47:39 --> Session: Class initialized using 'CodeIgniter\Session\Handlers\FileHandler' driver.
DEBUG - 2025-09-10 08:47:39 --> Session: Class initialized using 'CodeIgniter\Session\Handlers\FileHandler' driver.
DEBUG - 2025-09-10 08:47:47 --> Session: Class initialized using 'CodeIgniter\Session\Handlers\FileHandler' driver.
DEBUG - 2025-09-10 08:47:47 --> Session: Class initialized using 'CodeIgniter\Session\Handlers\FileHandler' driver.
DEBUG - 2025-09-10 08:47:47 --> Session: Class initialized using 'CodeIgniter\Session\Handlers\FileHandler' driver.
DEBUG - 2025-09-10 08:47:53 --> Session: Class initialized using 'CodeIgniter\Session\Handlers\FileHandler' driver.
DEBUG - 2025-09-10 08:47:53 --> Session: Class initialized using 'CodeIgniter\Session\Handlers\FileHandler' driver.
DEBUG - 2025-09-10 08:47:55 --> Session: Class initialized using 'CodeIgniter\Session\Handlers\FileHandler' driver.
DEBUG - 2025-09-10 08:47:58 --> Session: Class initialized using 'CodeIgniter\Session\Handlers\FileHandler' driver.
DEBUG - 2025-09-10 08:47:58 --> Session: Class initialized using 'CodeIgniter\Session\Handlers\FileHandler' driver.
DEBUG - 2025-09-10 08:47:58 --> Session: Class initialized using 'CodeIgniter\Session\Handlers\FileHandler' driver.
DEBUG - 2025-09-10 08:49:07 --> Session: Class initialized using 'CodeIgniter\Session\Handlers\FileHandler' driver.
DEBUG - 2025-09-10 08:49:11 --> Session: Class initialized using 'CodeIgniter\Session\Handlers\FileHandler' driver.
DEBUG - 2025-09-10 08:49:11 --> Session: Class initialized using 'CodeIgniter\Session\Handlers\FileHandler' driver.
DEBUG - 2025-09-10 08:49:12 --> Session: Class initialized using 'CodeIgniter\Session\Handlers\FileHandler' driver.
DEBUG - 2025-09-10 08:49:12 --> Session: Class initialized using 'CodeIgniter\Session\Handlers\FileHandler' driver.
DEBUG - 2025-09-10 08:49:13 --> Session: Class initialized using 'CodeIgniter\Session\Handlers\FileHandler' driver.
DEBUG - 2025-09-10 08:49:13 --> Session: Class initialized using 'CodeIgniter\Session\Handlers\FileHandler' driver.
DEBUG - 2025-09-10 08:49:23 --> Session: Class initialized using 'CodeIgniter\Session\Handlers\FileHandler' driver.
DEBUG - 2025-09-10 08:49:23 --> Session: Class initialized using 'CodeIgniter\Session\Handlers\FileHandler' driver.
DEBUG - 2025-09-10 08:49:26 --> Session: Class initialized using 'CodeIgniter\Session\Handlers\FileHandler' driver.
INFO - 2025-09-10 08:49:27 --> Register method called. Request method: GET
INFO - 2025-09-10 08:49:27 --> Request URI: http://localhost/WebSystem-ITE311-CAGADAS/public/index.php/register
INFO - 2025-09-10 08:49:27 --> GET request to register, showing form.
DEBUG - 2025-09-10 08:49:27 --> Session: Class initialized using 'CodeIgniter\Session\Handlers\FileHandler' driver.
DEBUG - 2025-09-10 08:49:30 --> Session: Class initialized using 'CodeIgniter\Session\Handlers\FileHandler' driver.
DEBUG - 2025-09-10 08:49:30 --> Session: Class initialized using 'CodeIgniter\Session\Handlers\FileHandler' driver.
DEBUG - 2025-09-10 08:49:32 --> Session: Class initialized using 'CodeIgniter\Session\Handlers\FileHandler' driver.
DEBUG - 2025-09-10 08:49:32 --> Session: Class initialized using 'CodeIgniter\Session\Handlers\FileHandler' driver.
DEBUG - 2025-09-10 08:49:35 --> Session: Class initialized using 'CodeIgniter\Session\Handlers\FileHandler' driver.
DEBUG - 2025-09-10 08:49:35 --> Session: Class initialized using 'CodeIgniter\Session\Handlers\FileHandler' driver.
DEBUG - 2025-09-10 08:49:36 --> Session: Class initialized using 'CodeIgniter\Session\Handlers\FileHandler' driver.
DEBUG - 2025-09-10 08:49:36 --> Session: Class initialized using 'CodeIgniter\Session\Handlers\FileHandler' driver.
DEBUG - 2025-09-10 08:49:40 --> Session: Class initialized using 'CodeIgniter\Session\Handlers\FileHandler' driver.
DEBUG - 2025-09-10 08:50:22 --> Session: Class initialized using 'CodeIgniter\Session\Handlers\FileHandler' driver.
DEBUG - 2025-09-10 08:50:22 --> Session: Class initialized using 'CodeIgniter\Session\Handlers\FileHandler' driver.
INFO - 2025-09-10 08:50:50 --> Register method called. Request method: GET
INFO - 2025-09-10 08:50:50 --> Request URI: http://localhost/WebSystem-ITE311-CAGADAS/public/index.php/register
INFO - 2025-09-10 08:50:50 --> GET request to register, showing form.
DEBUG - 2025-09-10 08:50:50 --> Session: Class initialized using 'CodeIgniter\Session\Handlers\FileHandler' driver.
INFO - 2025-09-10 08:51:04 --> Register method called. Request method: POST
INFO - 2025-09-10 08:51:04 --> Request URI: http://localhost/WebSystem-ITE311-CAGADAS/public/index.php/register
INFO - 2025-09-10 08:51:04 --> POST request detected in register.
INFO - 2025-09-10 08:51:04 --> POST data: {"csrf_test_name":"66bc2f3085001a7a36e61448bbd81f7d","name":"jul","email":"jul@gmail.com","role":"admin"}
INFO - 2025-09-10 08:51:04 --> Validation passed.
INFO - 2025-09-10 08:51:04 --> Prepared data for insert: {"name":"jul","email":"jul@gmail.com","password":"$2y$10$Fs4zqSUTYn.K2L0LIugpnOh3Qpvp6cAhHvlBua\/P1csf1rKX6VcLe","role":"admin"}
INFO - 2025-09-10 08:51:04 --> Database connection successful.
INFO - 2025-09-10 08:51:04 --> UserModel createUser returned: 15
INFO - 2025-09-10 08:51:04 --> Registration successful, redirecting to login.
DEBUG - 2025-09-10 08:51:04 --> Session: Class initialized using 'CodeIgniter\Session\Handlers\FileHandler' driver.
DEBUG - 2025-09-10 08:51:04 --> Session: Class initialized using 'CodeIgniter\Session\Handlers\FileHandler' driver.
DEBUG - 2025-09-10 08:51:09 --> Session: Class initialized using 'CodeIgniter\Session\Handlers\FileHandler' driver.
DEBUG - 2025-09-10 08:51:09 --> Session: Class initialized using 'CodeIgniter\Session\Handlers\FileHandler' driver.
DEBUG - 2025-09-10 08:51:12 --> Session: Class initialized using 'CodeIgniter\Session\Handlers\FileHandler' driver.
DEBUG - 2025-09-10 08:51:12 --> Session: Class initialized using 'CodeIgniter\Session\Handlers\FileHandler' driver.
DEBUG - 2025-09-10 08:51:14 --> Session: Class initialized using 'CodeIgniter\Session\Handlers\FileHandler' driver.
DEBUG - 2025-09-10 08:51:14 --> Session: Class initialized using 'CodeIgniter\Session\Handlers\FileHandler' driver.
DEBUG - 2025-09-10 08:51:15 --> Session: Class initialized using 'CodeIgniter\Session\Handlers\FileHandler' driver.
INFO - 2025-09-10 08:51:16 --> Register method called. Request method: GET
INFO - 2025-09-10 08:51:16 --> Request URI: http://localhost/WebSystem-ITE311-CAGADAS/public/index.php/register
INFO - 2025-09-10 08:51:16 --> GET request to register, showing form.
DEBUG - 2025-09-10 08:51:16 --> Session: Class initialized using 'CodeIgniter\Session\Handlers\FileHandler' driver.
DEBUG - 2025-09-10 08:56:55 --> Session: Class initialized using 'CodeIgniter\Session\Handlers\FileHandler' driver.
DEBUG - 2025-09-10 08:57:02 --> Session: Class initialized using 'CodeIgniter\Session\Handlers\FileHandler' driver.
DEBUG - 2025-09-10 08:57:02 --> Session: Class initialized using 'CodeIgniter\Session\Handlers\FileHandler' driver.
DEBUG - 2025-09-10 08:57:05 --> Session: Class initialized using 'CodeIgniter\Session\Handlers\FileHandler' driver.
DEBUG - 2025-09-10 08:57:05 --> Session: Class initialized using 'CodeIgniter\Session\Handlers\FileHandler' driver.
DEBUG - 2025-09-10 08:57:07 --> Session: Class initialized using 'CodeIgniter\Session\Handlers\FileHandler' driver.
DEBUG - 2025-09-10 08:57:07 --> Session: Class initialized using 'CodeIgniter\Session\Handlers\FileHandler' driver.
DEBUG - 2025-09-10 08:57:08 --> Session: Class initialized using 'CodeIgniter\Session\Handlers\FileHandler' driver.
DEBUG - 2025-09-10 08:57:11 --> Session: Class initialized using 'CodeIgniter\Session\Handlers\FileHandler' driver.
DEBUG - 2025-09-10 08:57:17 --> Session: Class initialized using 'CodeIgniter\Session\Handlers\FileHandler' driver.
DEBUG - 2025-09-10 08:57:21 --> Session: Class initialized using 'CodeIgniter\Session\Handlers\FileHandler' driver.
DEBUG - 2025-09-10 08:57:22 --> Session: Class initialized using 'CodeIgniter\Session\Handlers\FileHandler' driver.
DEBUG - 2025-09-10 09:04:26 --> Session: Class initialized using 'CodeIgniter\Session\Handlers\FileHandler' driver.
INFO - 2025-09-10 09:04:41 --> Register method called. Request method: GET
INFO - 2025-09-10 09:04:41 --> Request URI: http://localhost/WebSystem-ITE311-CAGADAS/public/index.php/register
INFO - 2025-09-10 09:04:41 --> GET request to register, showing form.
DEBUG - 2025-09-10 09:04:41 --> Session: Class initialized using 'CodeIgniter\Session\Handlers\FileHandler' driver.
DEBUG - 2025-09-10 09:05:10 --> Session: Class initialized using 'CodeIgniter\Session\Handlers\FileHandler' driver.
DEBUG - 2025-09-10 09:06:12 --> Session: Class initialized using 'CodeIgniter\Session\Handlers\FileHandler' driver.
DEBUG - 2025-09-10 09:06:12 --> Session: Class initialized using 'CodeIgniter\Session\Handlers\FileHandler' driver.
