DEBUG - 2025-10-25 06:01:03 --> Session: Class initialized using 'CodeIgniter\Session\Handlers\FileHandler' driver.
DEBUG - 2025-10-25 06:01:32 --> Session: Class initialized using 'CodeIgniter\Session\Handlers\FileHandler' driver.
DEBUG - 2025-10-25 06:01:33 --> Session: Class initialized using 'CodeIgniter\Session\Handlers\FileHandler' driver.
INFO - 2025-10-25 06:01:58 --> Login attempt: email=alice.student@lms.com, role=student
INFO - 2025-10-25 06:01:58 --> User found: {"id":"5","name":"Alice Student","email":"alice.student@lms.com","password":"$2y$10$c6HP9uKoKn7FvuGu7galP.7jNeJh\/Bopg8fOGDPkxpfSbGIADH0\/e","created_at":"2025-10-16 09:57:30","updated_at":"2025-10-16 09:57:30","role":"student"}
INFO - 2025-10-25 06:01:58 --> Password verified for user: alice.student@lms.com
INFO - 2025-10-25 06:01:58 --> Role matched, setting session for user: alice.student@lms.com
DEBUG - 2025-10-25 06:01:58 --> Session: Class initialized using 'CodeIgniter\Session\Handlers\FileHandler' driver.
INFO - 2025-10-25 06:01:58 --> Login successful, redirecting to dashboard for user: alice.student@lms.com
DEBUG - 2025-10-25 06:01:58 --> Session: Class initialized using 'CodeIgniter\Session\Handlers\FileHandler' driver.
DEBUG - 2025-10-25 06:03:13 --> Session: Class initialized using 'CodeIgniter\Session\Handlers\FileHandler' driver.
DEBUG - 2025-10-25 06:03:21 --> Session: Class initialized using 'CodeIgniter\Session\Handlers\FileHandler' driver.
DEBUG - 2025-10-25 06:03:38 --> Session: Class initialized using 'CodeIgniter\Session\Handlers\FileHandler' driver.
DEBUG - 2025-10-25 06:03:40 --> Session: Class initialized using 'CodeIgniter\Session\Handlers\FileHandler' driver.
DEBUG - 2025-10-25 06:03:41 --> Session: Class initialized using 'CodeIgniter\Session\Handlers\FileHandler' driver.
DEBUG - 2025-10-25 06:03:42 --> Session: Class initialized using 'CodeIgniter\Session\Handlers\FileHandler' driver.
DEBUG - 2025-10-25 06:03:42 --> Session: Class initialized using 'CodeIgniter\Session\Handlers\FileHandler' driver.
DEBUG - 2025-10-25 06:03:42 --> Session: Class initialized using 'CodeIgniter\Session\Handlers\FileHandler' driver.
DEBUG - 2025-10-25 06:03:42 --> Session: Class initialized using 'CodeIgniter\Session\Handlers\FileHandler' driver.
DEBUG - 2025-10-25 06:03:42 --> Session: Class initialized using 'CodeIgniter\Session\Handlers\FileHandler' driver.
DEBUG - 2025-10-25 06:03:42 --> Session: Class initialized using 'CodeIgniter\Session\Handlers\FileHandler' driver.
DEBUG - 2025-10-25 06:03:42 --> Session: Class initialized using 'CodeIgniter\Session\Handlers\FileHandler' driver.
DEBUG - 2025-10-25 06:03:43 --> Session: Class initialized using 'CodeIgniter\Session\Handlers\FileHandler' driver.
DEBUG - 2025-10-25 06:03:43 --> Session: Class initialized using 'CodeIgniter\Session\Handlers\FileHandler' driver.
DEBUG - 2025-10-25 06:03:43 --> Session: Class initialized using 'CodeIgniter\Session\Handlers\FileHandler' driver.
DEBUG - 2025-10-25 06:04:19 --> Session: Class initialized using 'CodeIgniter\Session\Handlers\FileHandler' driver.
DEBUG - 2025-10-25 06:04:59 --> Session: Class initialized using 'CodeIgniter\Session\Handlers\FileHandler' driver.
INFO - 2025-10-25 06:05:19 --> Login attempt: email=eve.student@lms.com, role=student
INFO - 2025-10-25 06:05:19 --> User found: {"id":"9","name":"Eve Student","email":"eve.student@lms.com","password":"$2y$10$qXn6.UyWdk\/W53kX3eTSWe9q40yELNAl3gjv9oCiC0MuMhlZVdvSi","created_at":"2025-10-16 09:57:30","updated_at":"2025-10-16 09:57:30","role":"student"}
INFO - 2025-10-25 06:05:19 --> Password verified for user: eve.student@lms.com
INFO - 2025-10-25 06:05:19 --> Role matched, setting session for user: eve.student@lms.com
DEBUG - 2025-10-25 06:05:19 --> Session: Class initialized using 'CodeIgniter\Session\Handlers\FileHandler' driver.
INFO - 2025-10-25 06:05:19 --> Login successful, redirecting to dashboard for user: eve.student@lms.com
DEBUG - 2025-10-25 06:05:19 --> Session: Class initialized using 'CodeIgniter\Session\Handlers\FileHandler' driver.
DEBUG - 2025-10-25 06:05:19 --> Session: Class initialized using 'CodeIgniter\Session\Handlers\FileHandler' driver.
DEBUG - 2025-10-25 06:05:26 --> Session: Class initialized using 'CodeIgniter\Session\Handlers\FileHandler' driver.
DEBUG - 2025-10-25 06:05:36 --> Session: Class initialized using 'CodeIgniter\Session\Handlers\FileHandler' driver.
DEBUG - 2025-10-25 06:05:36 --> Session: Class initialized using 'CodeIgniter\Session\Handlers\FileHandler' driver.
DEBUG - 2025-10-25 06:06:16 --> Session: Class initialized using 'CodeIgniter\Session\Handlers\FileHandler' driver.
INFO - 2025-10-25 06:06:26 --> Login attempt: email=john.teacher@lms.com, role=teacher
INFO - 2025-10-25 06:06:26 --> User found: {"id":"3","name":"John Teacher","email":"john.teacher@lms.com","password":"$2y$10$je99ZzPdH845msoWO5g60eZTks7kd1YTNq\/3TMi8q5P4\/5dQUkBDO","created_at":"2025-10-16 09:57:30","updated_at":"2025-10-16 09:57:30","role":"teacher"}
INFO - 2025-10-25 06:06:26 --> Password verified for user: john.teacher@lms.com
INFO - 2025-10-25 06:06:26 --> Role matched, setting session for user: john.teacher@lms.com
DEBUG - 2025-10-25 06:06:26 --> Session: Class initialized using 'CodeIgniter\Session\Handlers\FileHandler' driver.
INFO - 2025-10-25 06:06:26 --> Login successful, redirecting to dashboard for user: john.teacher@lms.com
DEBUG - 2025-10-25 06:06:26 --> Session: Class initialized using 'CodeIgniter\Session\Handlers\FileHandler' driver.
DEBUG - 2025-10-25 06:06:26 --> Session: Class initialized using 'CodeIgniter\Session\Handlers\FileHandler' driver.
DEBUG - 2025-10-25 06:06:37 --> Session: Class initialized using 'CodeIgniter\Session\Handlers\FileHandler' driver.
DEBUG - 2025-10-25 06:06:43 --> Session: Class initialized using 'CodeIgniter\Session\Handlers\FileHandler' driver.
DEBUG - 2025-10-25 06:06:47 --> Session: Class initialized using 'CodeIgniter\Session\Handlers\FileHandler' driver.
DEBUG - 2025-10-25 06:06:55 --> Session: Class initialized using 'CodeIgniter\Session\Handlers\FileHandler' driver.
DEBUG - 2025-10-25 06:06:55 --> Session: Class initialized using 'CodeIgniter\Session\Handlers\FileHandler' driver.
DEBUG - 2025-10-25 06:07:37 --> Session: Class initialized using 'CodeIgniter\Session\Handlers\FileHandler' driver.
DEBUG - 2025-10-25 06:07:40 --> Session: Class initialized using 'CodeIgniter\Session\Handlers\FileHandler' driver.
DEBUG - 2025-10-25 06:07:40 --> Session: Class initialized using 'CodeIgniter\Session\Handlers\FileHandler' driver.
DEBUG - 2025-10-25 06:07:49 --> Session: Class initialized using 'CodeIgniter\Session\Handlers\FileHandler' driver.
DEBUG - 2025-10-25 06:07:49 --> Session: Class initialized using 'CodeIgniter\Session\Handlers\FileHandler' driver.
DEBUG - 2025-10-25 06:07:56 --> Session: Class initialized using 'CodeIgniter\Session\Handlers\FileHandler' driver.
DEBUG - 2025-10-25 06:07:56 --> Session: Class initialized using 'CodeIgniter\Session\Handlers\FileHandler' driver.
DEBUG - 2025-10-25 06:07:57 --> Session: Class initialized using 'CodeIgniter\Session\Handlers\FileHandler' driver.
DEBUG - 2025-10-25 06:07:57 --> Session: Class initialized using 'CodeIgniter\Session\Handlers\FileHandler' driver.
DEBUG - 2025-10-25 06:07:57 --> Session: Class initialized using 'CodeIgniter\Session\Handlers\FileHandler' driver.
DEBUG - 2025-10-25 06:07:57 --> Session: Class initialized using 'CodeIgniter\Session\Handlers\FileHandler' driver.
DEBUG - 2025-10-25 06:07:58 --> Session: Class initialized using 'CodeIgniter\Session\Handlers\FileHandler' driver.
DEBUG - 2025-10-25 06:07:58 --> Session: Class initialized using 'CodeIgniter\Session\Handlers\FileHandler' driver.
DEBUG - 2025-10-25 06:08:58 --> Session: Class initialized using 'CodeIgniter\Session\Handlers\FileHandler' driver.
DEBUG - 2025-10-25 06:09:03 --> Session: Class initialized using 'CodeIgniter\Session\Handlers\FileHandler' driver.
DEBUG - 2025-10-25 06:09:03 --> Session: Class initialized using 'CodeIgniter\Session\Handlers\FileHandler' driver.
DEBUG - 2025-10-25 06:09:11 --> Session: Class initialized using 'CodeIgniter\Session\Handlers\FileHandler' driver.
DEBUG - 2025-10-25 06:09:11 --> Session: Class initialized using 'CodeIgniter\Session\Handlers\FileHandler' driver.
INFO - 2025-10-25 06:09:22 --> Login attempt: email=john.teacher@lms.com, role=teacher
INFO - 2025-10-25 06:09:22 --> User found: {"id":"3","name":"John Teacher","email":"john.teacher@lms.com","password":"$2y$10$je99ZzPdH845msoWO5g60eZTks7kd1YTNq\/3TMi8q5P4\/5dQUkBDO","created_at":"2025-10-16 09:57:30","updated_at":"2025-10-16 09:57:30","role":"teacher"}
INFO - 2025-10-25 06:09:22 --> Password verified for user: john.teacher@lms.com
INFO - 2025-10-25 06:09:22 --> Role matched, setting session for user: john.teacher@lms.com
DEBUG - 2025-10-25 06:09:22 --> Session: Class initialized using 'CodeIgniter\Session\Handlers\FileHandler' driver.
INFO - 2025-10-25 06:09:22 --> Login successful, redirecting to dashboard for user: john.teacher@lms.com
DEBUG - 2025-10-25 06:09:22 --> Session: Class initialized using 'CodeIgniter\Session\Handlers\FileHandler' driver.
DEBUG - 2025-10-25 06:09:22 --> Session: Class initialized using 'CodeIgniter\Session\Handlers\FileHandler' driver.
DEBUG - 2025-10-25 06:10:23 --> Session: Class initialized using 'CodeIgniter\Session\Handlers\FileHandler' driver.
DEBUG - 2025-10-25 06:11:23 --> Session: Class initialized using 'CodeIgniter\Session\Handlers\FileHandler' driver.
DEBUG - 2025-10-25 06:12:03 --> Session: Class initialized using 'CodeIgniter\Session\Handlers\FileHandler' driver.
DEBUG - 2025-10-25 06:12:03 --> Session: Class initialized using 'CodeIgniter\Session\Handlers\FileHandler' driver.
DEBUG - 2025-10-25 06:12:12 --> Session: Class initialized using 'CodeIgniter\Session\Handlers\FileHandler' driver.
DEBUG - 2025-10-25 06:12:12 --> Session: Class initialized using 'CodeIgniter\Session\Handlers\FileHandler' driver.
DEBUG - 2025-10-25 06:12:32 --> Session: Class initialized using 'CodeIgniter\Session\Handlers\FileHandler' driver.
INFO - 2025-10-25 06:12:33 --> Register method called. Request method: GET
INFO - 2025-10-25 06:12:33 --> Request URI: http://localhost/WebSystem-ITE311-CAGADAS/register
INFO - 2025-10-25 06:12:33 --> GET request to register, showing form.
DEBUG - 2025-10-25 06:12:33 --> Session: Class initialized using 'CodeIgniter\Session\Handlers\FileHandler' driver.
INFO - 2025-10-25 06:12:43 --> Register method called. Request method: POST
INFO - 2025-10-25 06:12:43 --> Request URI: http://localhost/WebSystem-ITE311-CAGADAS/register
INFO - 2025-10-25 06:12:43 --> POST request detected in register.
INFO - 2025-10-25 06:12:43 --> POST data: {"csrf_test_name":"d3013e9f0ec163ffede23cbae8ef4c4b","name":"Travis Ryle","email":"travis@gmail.com","role":"student"}
INFO - 2025-10-25 06:12:43 --> Validation passed.
INFO - 2025-10-25 06:12:43 --> Prepared data for insert: {"name":"Travis Ryle","email":"travis@gmail.com","password":"$2y$10$k8JkTHHzUfQvxMixJKqMiOaKOAaK4uQdkbnDrTJ7gMVMCZynbEMjy","role":"student"}
INFO - 2025-10-25 06:12:43 --> Database connection successful.
INFO - 2025-10-25 06:12:43 --> UserModel createUser returned: 21
INFO - 2025-10-25 06:12:43 --> Registration successful, redirecting to login.
DEBUG - 2025-10-25 06:12:43 --> Session: Class initialized using 'CodeIgniter\Session\Handlers\FileHandler' driver.
DEBUG - 2025-10-25 06:12:43 --> Session: Class initialized using 'CodeIgniter\Session\Handlers\FileHandler' driver.
INFO - 2025-10-25 06:12:47 --> Login attempt: email=travis@gmail.com, role=student
INFO - 2025-10-25 06:12:47 --> User found: {"id":"21","name":"Travis Ryle","email":"travis@gmail.com","password":"$2y$10$k8JkTHHzUfQvxMixJKqMiOaKOAaK4uQdkbnDrTJ7gMVMCZynbEMjy","created_at":"2025-10-25 06:12:43","updated_at":"2025-10-25 06:12:43","role":"student"}
INFO - 2025-10-25 06:12:47 --> Password verified for user: travis@gmail.com
INFO - 2025-10-25 06:12:47 --> Role matched, setting session for user: travis@gmail.com
DEBUG - 2025-10-25 06:12:47 --> Session: Class initialized using 'CodeIgniter\Session\Handlers\FileHandler' driver.
INFO - 2025-10-25 06:12:47 --> Login successful, redirecting to dashboard for user: travis@gmail.com
DEBUG - 2025-10-25 06:12:47 --> Session: Class initialized using 'CodeIgniter\Session\Handlers\FileHandler' driver.
DEBUG - 2025-10-25 06:12:48 --> Session: Class initialized using 'CodeIgniter\Session\Handlers\FileHandler' driver.
DEBUG - 2025-10-25 06:12:51 --> Session: Class initialized using 'CodeIgniter\Session\Handlers\FileHandler' driver.
DEBUG - 2025-10-25 06:12:55 --> Session: Class initialized using 'CodeIgniter\Session\Handlers\FileHandler' driver.
DEBUG - 2025-10-25 06:12:56 --> Session: Class initialized using 'CodeIgniter\Session\Handlers\FileHandler' driver.
DEBUG - 2025-10-25 06:12:56 --> Session: Class initialized using 'CodeIgniter\Session\Handlers\FileHandler' driver.
DEBUG - 2025-10-25 06:12:58 --> Session: Class initialized using 'CodeIgniter\Session\Handlers\FileHandler' driver.
DEBUG - 2025-10-25 06:12:58 --> Session: Class initialized using 'CodeIgniter\Session\Handlers\FileHandler' driver.
DEBUG - 2025-10-25 06:13:12 --> Session: Class initialized using 'CodeIgniter\Session\Handlers\FileHandler' driver.
DEBUG - 2025-10-25 06:13:56 --> Session: Class initialized using 'CodeIgniter\Session\Handlers\FileHandler' driver.
DEBUG - 2025-10-25 06:14:12 --> Session: Class initialized using 'CodeIgniter\Session\Handlers\FileHandler' driver.
DEBUG - 2025-10-25 06:14:56 --> Session: Class initialized using 'CodeIgniter\Session\Handlers\FileHandler' driver.
DEBUG - 2025-10-25 06:15:12 --> Session: Class initialized using 'CodeIgniter\Session\Handlers\FileHandler' driver.
DEBUG - 2025-10-25 06:15:56 --> Session: Class initialized using 'CodeIgniter\Session\Handlers\FileHandler' driver.
DEBUG - 2025-10-25 06:16:12 --> Session: Class initialized using 'CodeIgniter\Session\Handlers\FileHandler' driver.
DEBUG - 2025-10-25 06:16:56 --> Session: Class initialized using 'CodeIgniter\Session\Handlers\FileHandler' driver.
DEBUG - 2025-10-25 06:17:13 --> Session: Class initialized using 'CodeIgniter\Session\Handlers\FileHandler' driver.
DEBUG - 2025-10-25 06:17:57 --> Session: Class initialized using 'CodeIgniter\Session\Handlers\FileHandler' driver.
